<?xml version="1.0" encoding="UTF-8"?>
<testsuite xmlns:xsi="http://www.w3.org/2001/XMLSchema-instance" xsi:noNamespaceSchemaLocation="https://maven.apache.org/surefire/maven-surefire-plugin/xsd/surefire-test-report.xsd" name="domain.RegistryPeersTest" time="0.31" tests="4" errors="0" skipped="0" failures="0">
  <properties>
    <property name="java.specification.version" value="17"/>
    <property name="sun.jnu.encoding" value="UTF-8"/>
    <property name="java.class.path" value="/Users/ishan/go/src/github.com/Ishan27gOrg/registry/kotlin/registry/target/test-classes:/Users/ishan/go/src/github.com/Ishan27gOrg/registry/kotlin/registry/target/classes:/Users/ishan/.m2/repository/org/jetbrains/kotlin/kotlin-test-testng/1.6.10/kotlin-test-testng-1.6.10.jar:/Users/ishan/.m2/repository/org/jetbrains/kotlin/kotlin-test/1.6.10/kotlin-test-1.6.10.jar:/Users/ishan/.m2/repository/org/testng/testng/6.13.1/testng-6.13.1.jar:/Users/ishan/.m2/repository/com/beust/jcommander/1.72/jcommander-1.72.jar:/Users/ishan/.m2/repository/org/jetbrains/kotlin/kotlin-stdlib-jdk8/1.6.10/kotlin-stdlib-jdk8-1.6.10.jar:/Users/ishan/.m2/repository/org/jetbrains/kotlin/kotlin-stdlib/1.6.10/kotlin-stdlib-1.6.10.jar:/Users/ishan/.m2/repository/org/jetbrains/annotations/13.0/annotations-13.0.jar:/Users/ishan/.m2/repository/org/jetbrains/kotlin/kotlin-stdlib-common/1.6.10/kotlin-stdlib-common-1.6.10.jar:/Users/ishan/.m2/repository/org/jetbrains/kotlin/kotlin-stdlib-jdk7/1.6.10/kotlin-stdlib-jdk7-1.6.10.jar:/Users/ishan/.m2/repository/io/javalin/javalin/4.2.0/javalin-4.2.0.jar:/Users/ishan/.m2/repository/org/slf4j/slf4j-api/1.7.31/slf4j-api-1.7.31.jar:/Users/ishan/.m2/repository/org/eclipse/jetty/jetty-server/9.4.44.v20210927/jetty-server-9.4.44.v20210927.jar:/Users/ishan/.m2/repository/javax/servlet/javax.servlet-api/3.1.0/javax.servlet-api-3.1.0.jar:/Users/ishan/.m2/repository/org/eclipse/jetty/jetty-http/9.4.44.v20210927/jetty-http-9.4.44.v20210927.jar:/Users/ishan/.m2/repository/org/eclipse/jetty/jetty-util/9.4.44.v20210927/jetty-util-9.4.44.v20210927.jar:/Users/ishan/.m2/repository/org/eclipse/jetty/jetty-io/9.4.44.v20210927/jetty-io-9.4.44.v20210927.jar:/Users/ishan/.m2/repository/org/eclipse/jetty/jetty-webapp/9.4.44.v20210927/jetty-webapp-9.4.44.v20210927.jar:/Users/ishan/.m2/repository/org/eclipse/jetty/jetty-xml/9.4.44.v20210927/jetty-xml-9.4.44.v20210927.jar:/Users/ishan/.m2/repository/org/eclipse/jetty/jetty-servlet/9.4.44.v20210927/jetty-servlet-9.4.44.v20210927.jar:/Users/ishan/.m2/repository/org/eclipse/jetty/jetty-security/9.4.44.v20210927/jetty-security-9.4.44.v20210927.jar:/Users/ishan/.m2/repository/org/eclipse/jetty/jetty-util-ajax/9.4.44.v20210927/jetty-util-ajax-9.4.44.v20210927.jar:/Users/ishan/.m2/repository/org/eclipse/jetty/websocket/websocket-server/9.4.44.v20210927/websocket-server-9.4.44.v20210927.jar:/Users/ishan/.m2/repository/org/eclipse/jetty/websocket/websocket-common/9.4.44.v20210927/websocket-common-9.4.44.v20210927.jar:/Users/ishan/.m2/repository/org/eclipse/jetty/websocket/websocket-api/9.4.44.v20210927/websocket-api-9.4.44.v20210927.jar:/Users/ishan/.m2/repository/org/eclipse/jetty/websocket/websocket-client/9.4.44.v20210927/websocket-client-9.4.44.v20210927.jar:/Users/ishan/.m2/repository/org/eclipse/jetty/jetty-client/9.4.44.v20210927/jetty-client-9.4.44.v20210927.jar:/Users/ishan/.m2/repository/org/eclipse/jetty/websocket/websocket-servlet/9.4.44.v20210927/websocket-servlet-9.4.44.v20210927.jar:/Users/ishan/.m2/repository/org/slf4j/slf4j-simple/1.7.31/slf4j-simple-1.7.31.jar:/Users/ishan/.m2/repository/com/fasterxml/jackson/core/jackson-databind/2.12.4/jackson-databind-2.12.4.jar:/Users/ishan/.m2/repository/com/fasterxml/jackson/core/jackson-annotations/2.12.4/jackson-annotations-2.12.4.jar:/Users/ishan/.m2/repository/com/fasterxml/jackson/core/jackson-core/2.12.4/jackson-core-2.12.4.jar:/Users/ishan/.m2/repository/com/fasterxml/jackson/module/jackson-module-kotlin/2.12.4/jackson-module-kotlin-2.12.4.jar:/Users/ishan/.m2/repository/org/jetbrains/kotlin/kotlin-reflect/1.4.21/kotlin-reflect-1.4.21.jar:/Users/ishan/.m2/repository/org/jetbrains/kotlinx/kotlinx-coroutines-core/1.6.0/kotlinx-coroutines-core-1.6.0.jar:/Users/ishan/.m2/repository/org/jetbrains/kotlinx/kotlinx-coroutines-core-jvm/1.6.0/kotlinx-coroutines-core-jvm-1.6.0.jar:"/>
    <property name="java.vm.vendor" value="Homebrew"/>
    <property name="sun.arch.data.model" value="64"/>
    <property name="java.vendor.url" value="https://github.com/Homebrew/homebrew-core/issues"/>
    <property name="os.name" value="Mac OS X"/>
    <property name="java.vm.specification.version" value="17"/>
    <property name="sun.java.launcher" value="SUN_STANDARD"/>
    <property name="user.country" value="AU"/>
    <property name="sun.boot.library.path" value="/opt/homebrew/Cellar/openjdk/17.0.1_1/libexec/openjdk.jdk/Contents/Home/lib"/>
    <property name="sun.java.command" value="/Users/ishan/go/src/github.com/Ishan27gOrg/registry/kotlin/registry/target/surefire/surefirebooter6654347131351193592.jar /Users/ishan/go/src/github.com/Ishan27gOrg/registry/kotlin/registry/target/surefire 2022-01-21T00-04-28_130-jvmRun1 surefire16222227052686661129tmp surefire_017083697968177386793tmp"/>
    <property name="http.nonProxyHosts" value="local|*.local|169.254/16|*.169.254/16"/>
    <property name="jdk.debug" value="release"/>
    <property name="surefire.test.class.path" value="/Users/ishan/go/src/github.com/Ishan27gOrg/registry/kotlin/registry/target/test-classes:/Users/ishan/go/src/github.com/Ishan27gOrg/registry/kotlin/registry/target/classes:/Users/ishan/.m2/repository/org/jetbrains/kotlin/kotlin-test-testng/1.6.10/kotlin-test-testng-1.6.10.jar:/Users/ishan/.m2/repository/org/jetbrains/kotlin/kotlin-test/1.6.10/kotlin-test-1.6.10.jar:/Users/ishan/.m2/repository/org/testng/testng/6.13.1/testng-6.13.1.jar:/Users/ishan/.m2/repository/com/beust/jcommander/1.72/jcommander-1.72.jar:/Users/ishan/.m2/repository/org/jetbrains/kotlin/kotlin-stdlib-jdk8/1.6.10/kotlin-stdlib-jdk8-1.6.10.jar:/Users/ishan/.m2/repository/org/jetbrains/kotlin/kotlin-stdlib/1.6.10/kotlin-stdlib-1.6.10.jar:/Users/ishan/.m2/repository/org/jetbrains/annotations/13.0/annotations-13.0.jar:/Users/ishan/.m2/repository/org/jetbrains/kotlin/kotlin-stdlib-common/1.6.10/kotlin-stdlib-common-1.6.10.jar:/Users/ishan/.m2/repository/org/jetbrains/kotlin/kotlin-stdlib-jdk7/1.6.10/kotlin-stdlib-jdk7-1.6.10.jar:/Users/ishan/.m2/repository/io/javalin/javalin/4.2.0/javalin-4.2.0.jar:/Users/ishan/.m2/repository/org/slf4j/slf4j-api/1.7.31/slf4j-api-1.7.31.jar:/Users/ishan/.m2/repository/org/eclipse/jetty/jetty-server/9.4.44.v20210927/jetty-server-9.4.44.v20210927.jar:/Users/ishan/.m2/repository/javax/servlet/javax.servlet-api/3.1.0/javax.servlet-api-3.1.0.jar:/Users/ishan/.m2/repository/org/eclipse/jetty/jetty-http/9.4.44.v20210927/jetty-http-9.4.44.v20210927.jar:/Users/ishan/.m2/repository/org/eclipse/jetty/jetty-util/9.4.44.v20210927/jetty-util-9.4.44.v20210927.jar:/Users/ishan/.m2/repository/org/eclipse/jetty/jetty-io/9.4.44.v20210927/jetty-io-9.4.44.v20210927.jar:/Users/ishan/.m2/repository/org/eclipse/jetty/jetty-webapp/9.4.44.v20210927/jetty-webapp-9.4.44.v20210927.jar:/Users/ishan/.m2/repository/org/eclipse/jetty/jetty-xml/9.4.44.v20210927/jetty-xml-9.4.44.v20210927.jar:/Users/ishan/.m2/repository/org/eclipse/jetty/jetty-servlet/9.4.44.v20210927/jetty-servlet-9.4.44.v20210927.jar:/Users/ishan/.m2/repository/org/eclipse/jetty/jetty-security/9.4.44.v20210927/jetty-security-9.4.44.v20210927.jar:/Users/ishan/.m2/repository/org/eclipse/jetty/jetty-util-ajax/9.4.44.v20210927/jetty-util-ajax-9.4.44.v20210927.jar:/Users/ishan/.m2/repository/org/eclipse/jetty/websocket/websocket-server/9.4.44.v20210927/websocket-server-9.4.44.v20210927.jar:/Users/ishan/.m2/repository/org/eclipse/jetty/websocket/websocket-common/9.4.44.v20210927/websocket-common-9.4.44.v20210927.jar:/Users/ishan/.m2/repository/org/eclipse/jetty/websocket/websocket-api/9.4.44.v20210927/websocket-api-9.4.44.v20210927.jar:/Users/ishan/.m2/repository/org/eclipse/jetty/websocket/websocket-client/9.4.44.v20210927/websocket-client-9.4.44.v20210927.jar:/Users/ishan/.m2/repository/org/eclipse/jetty/jetty-client/9.4.44.v20210927/jetty-client-9.4.44.v20210927.jar:/Users/ishan/.m2/repository/org/eclipse/jetty/websocket/websocket-servlet/9.4.44.v20210927/websocket-servlet-9.4.44.v20210927.jar:/Users/ishan/.m2/repository/org/slf4j/slf4j-simple/1.7.31/slf4j-simple-1.7.31.jar:/Users/ishan/.m2/repository/com/fasterxml/jackson/core/jackson-databind/2.12.4/jackson-databind-2.12.4.jar:/Users/ishan/.m2/repository/com/fasterxml/jackson/core/jackson-annotations/2.12.4/jackson-annotations-2.12.4.jar:/Users/ishan/.m2/repository/com/fasterxml/jackson/core/jackson-core/2.12.4/jackson-core-2.12.4.jar:/Users/ishan/.m2/repository/com/fasterxml/jackson/module/jackson-module-kotlin/2.12.4/jackson-module-kotlin-2.12.4.jar:/Users/ishan/.m2/repository/org/jetbrains/kotlin/kotlin-reflect/1.4.21/kotlin-reflect-1.4.21.jar:/Users/ishan/.m2/repository/org/jetbrains/kotlinx/kotlinx-coroutines-core/1.6.0/kotlinx-coroutines-core-1.6.0.jar:/Users/ishan/.m2/repository/org/jetbrains/kotlinx/kotlinx-coroutines-core-jvm/1.6.0/kotlinx-coroutines-core-jvm-1.6.0.jar:"/>
    <property name="sun.cpu.endian" value="little"/>
    <property name="user.home" value="/Users/ishan"/>
    <property name="user.language" value="en"/>
    <property name="java.specification.vendor" value="Oracle Corporation"/>
    <property name="java.version.date" value="2021-10-19"/>
    <property name="java.home" value="/opt/homebrew/Cellar/openjdk/17.0.1_1/libexec/openjdk.jdk/Contents/Home"/>
    <property name="file.separator" value="/"/>
    <property name="basedir" value="/Users/ishan/go/src/github.com/Ishan27gOrg/registry/kotlin/registry"/>
    <property name="java.vm.compressedOopsMode" value="Zero based"/>
    <property name="line.separator" value="&#10;"/>
    <property name="java.specification.name" value="Java Platform API Specification"/>
    <property name="java.vm.specification.vendor" value="Oracle Corporation"/>
    <property name="surefire.real.class.path" value="/Users/ishan/go/src/github.com/Ishan27gOrg/registry/kotlin/registry/target/surefire/surefirebooter6654347131351193592.jar"/>
    <property name="sun.management.compiler" value="HotSpot 64-Bit Tiered Compilers"/>
    <property name="ftp.nonProxyHosts" value="local|*.local|169.254/16|*.169.254/16"/>
    <property name="java.runtime.version" value="17.0.1+1"/>
    <property name="user.name" value="ishan"/>
    <property name="path.separator" value=":"/>
    <property name="os.version" value="12.0.1"/>
    <property name="java.runtime.name" value="OpenJDK Runtime Environment"/>
    <property name="file.encoding" value="UTF-8"/>
    <property name="java.vm.name" value="OpenJDK 64-Bit Server VM"/>
    <property name="java.vendor.version" value="Homebrew"/>
    <property name="localRepository" value="/Users/ishan/.m2/repository"/>
    <property name="java.vendor.url.bug" value="https://github.com/Homebrew/homebrew-core/issues"/>
    <property name="java.io.tmpdir" value="/var/folders/51/0hxpg6392tj811b_jdm8_r040000gn/T/"/>
    <property name="java.version" value="17.0.1"/>
    <property name="user.dir" value="/Users/ishan/go/src/github.com/Ishan27gOrg/registry/kotlin/registry"/>
    <property name="os.arch" value="aarch64"/>
    <property name="java.vm.specification.name" value="Java Virtual Machine Specification"/>
    <property name="native.encoding" value="UTF-8"/>
    <property name="java.library.path" value="/Users/ishan/Library/Java/Extensions:/Library/Java/Extensions:/Network/Library/Java/Extensions:/System/Library/Java/Extensions:/usr/lib/java:."/>
    <property name="java.vm.info" value="mixed mode, sharing"/>
    <property name="java.vendor" value="Homebrew"/>
    <property name="java.vm.version" value="17.0.1+1"/>
    <property name="sun.io.unicode.encoding" value="UnicodeBig"/>
    <property name="socksNonProxyHosts" value="local|*.local|169.254/16|*.169.254/16"/>
    <property name="java.class.version" value="61.0"/>
  </properties>
  <testcase name="testGet" classname="domain.RegistryPeersTest" time="0.005"/>
  <testcase name="testRegister" classname="domain.RegistryPeersTest" time="0"/>
  <testcase name="testRemove" classname="domain.RegistryPeersTest" time="0.001"/>
  <testcase name="testToJson" classname="domain.RegistryPeersTest" time="0"/>
</testsuite>